mode: set
github.com/darklab8/darklab_goutils/goutils/utils_logus/logger.go:15.55,17.27 2 1
github.com/darklab8/darklab_goutils/goutils/utils_logus/logger.go:17.27,19.3 1 0
github.com/darklab8/darklab_goutils/goutils/utils_logus/logger.go:20.2,20.30 1 1
github.com/darklab8/darklab_goutils/goutils/utils_logus/logger.go:23.54,25.27 2 0
github.com/darklab8/darklab_goutils/goutils/utils_logus/logger.go:25.27,27.3 1 0
github.com/darklab8/darklab_goutils/goutils/utils_logus/logger.go:28.2,28.29 1 0
github.com/darklab8/darklab_goutils/goutils/utils_logus/logger.go:32.54,34.27 2 0
github.com/darklab8/darklab_goutils/goutils/utils_logus/logger.go:34.27,36.3 1 0
github.com/darklab8/darklab_goutils/goutils/utils_logus/logger.go:37.2,37.29 1 0
github.com/darklab8/darklab_goutils/goutils/utils_logus/logger.go:41.55,43.27 2 0
github.com/darklab8/darklab_goutils/goutils/utils_logus/logger.go:43.27,45.3 1 0
github.com/darklab8/darklab_goutils/goutils/utils_logus/logger.go:46.2,46.30 1 0
github.com/darklab8/darklab_goutils/goutils/utils_logus/logger.go:50.55,53.27 2 0
github.com/darklab8/darklab_goutils/goutils/utils_logus/logger.go:53.27,55.3 1 0
github.com/darklab8/darklab_goutils/goutils/utils_logus/logger.go:56.2,57.12 2 0
github.com/darklab8/darklab_goutils/goutils/utils_logus/logger.go:60.76,61.16 1 0
github.com/darklab8/darklab_goutils/goutils/utils_logus/logger.go:61.16,63.3 1 0
github.com/darklab8/darklab_goutils/goutils/utils_logus/logger.go:64.2,68.13 5 0
github.com/darklab8/darklab_goutils/goutils/utils_logus/logger.go:71.75,72.16 1 0
github.com/darklab8/darklab_goutils/goutils/utils_logus/logger.go:72.16,74.3 1 0
github.com/darklab8/darklab_goutils/goutils/utils_logus/logger.go:75.2,79.13 5 0
github.com/darklab8/darklab_goutils/goutils/utils_logus/logger.go:82.76,83.16 1 0
github.com/darklab8/darklab_goutils/goutils/utils_logus/logger.go:83.16,85.3 1 0
github.com/darklab8/darklab_goutils/goutils/utils_logus/logger.go:86.2,90.13 5 0
github.com/darklab8/darklab_goutils/goutils/utils_logus/logger.go:94.71,95.16 1 0
github.com/darklab8/darklab_goutils/goutils/utils_logus/logger.go:95.16,97.3 1 0
github.com/darklab8/darklab_goutils/goutils/utils_logus/logger.go:98.2,102.12 5 0
github.com/darklab8/darklab_goutils/goutils/utils_logus/logger.go:105.71,106.16 1 0
github.com/darklab8/darklab_goutils/goutils/utils_logus/logger.go:106.16,108.3 1 0
github.com/darklab8/darklab_goutils/goutils/utils_logus/logger.go:109.2,113.12 5 0
github.com/darklab8/darklab_goutils/goutils/utils_logus/logger.go:116.83,118.27 2 0
github.com/darklab8/darklab_goutils/goutils/utils_logus/logger.go:118.27,120.3 1 0
github.com/darklab8/darklab_goutils/goutils/utils_logus/logger.go:121.2,123.30 3 0
github.com/darklab8/darklab_goutils/goutils/utils_logus/logger.go:126.82,128.27 2 0
github.com/darklab8/darklab_goutils/goutils/utils_logus/logger.go:128.27,130.3 1 0
github.com/darklab8/darklab_goutils/goutils/utils_logus/logger.go:131.2,133.29 3 0
github.com/darklab8/darklab_goutils/goutils/utils_logus/logger.go:145.11,148.23 2 1
github.com/darklab8/darklab_goutils/goutils/utils_logus/logger.go:149.19,150.36 1 1
github.com/darklab8/darklab_goutils/goutils/utils_logus/logger.go:151.18,152.35 1 0
github.com/darklab8/darklab_goutils/goutils/utils_logus/logger.go:153.18,154.35 1 0
github.com/darklab8/darklab_goutils/goutils/utils_logus/logger.go:155.19,156.36 1 0
github.com/darklab8/darklab_goutils/goutils/utils_logus/logger.go:159.2,161.24 2 1
github.com/darklab8/darklab_goutils/goutils/utils_logus/logger.go:161.24,163.3 1 0
github.com/darklab8/darklab_goutils/goutils/utils_logus/logger.go:164.2,167.15 3 1
github.com/darklab8/darklab_goutils/goutils/utils_logus/logger.go:170.39,175.2 4 0
github.com/darklab8/darklab_goutils/goutils/utils_logus/params.go:12.32,17.2 1 0
github.com/darklab8/darklab_goutils/goutils/utils_logus/params.go:23.39,25.35 2 1
github.com/darklab8/darklab_goutils/goutils/utils_logus/params.go:25.35,28.3 2 1
github.com/darklab8/darklab_goutils/goutils/utils_logus/params.go:30.2,30.39 1 1
github.com/darklab8/darklab_goutils/goutils/utils_logus/params.go:35.48,37.27 2 1
github.com/darklab8/darklab_goutils/goutils/utils_logus/params.go:37.27,39.3 1 1
github.com/darklab8/darklab_goutils/goutils/utils_logus/params.go:41.2,41.27 1 1
github.com/darklab8/darklab_goutils/goutils/utils_logus/params.go:44.37,45.28 1 1
github.com/darklab8/darklab_goutils/goutils/utils_logus/params.go:45.28,47.3 1 1
github.com/darklab8/darklab_goutils/goutils/utils_logus/params.go:50.36,51.28 1 0
github.com/darklab8/darklab_goutils/goutils/utils_logus/params.go:51.28,53.3 1 0
github.com/darklab8/darklab_goutils/goutils/utils_logus/params.go:55.34,56.28 1 0
github.com/darklab8/darklab_goutils/goutils/utils_logus/params.go:56.28,58.3 1 0
github.com/darklab8/darklab_goutils/goutils/utils_logus/params.go:61.36,62.28 1 0
github.com/darklab8/darklab_goutils/goutils/utils_logus/params.go:62.28,65.3 2 0
github.com/darklab8/darklab_goutils/goutils/utils_logus/params.go:68.39,69.28 1 0
github.com/darklab8/darklab_goutils/goutils/utils_logus/params.go:69.28,71.3 1 0
github.com/darklab8/darklab_goutils/goutils/utils_logus/params.go:74.58,75.28 1 0
github.com/darklab8/darklab_goutils/goutils/utils_logus/params.go:75.28,77.31 2 0
github.com/darklab8/darklab_goutils/goutils/utils_logus/params.go:77.31,79.4 1 0
github.com/darklab8/darklab_goutils/goutils/utils_logus/params.go:80.3,81.77 2 0
github.com/darklab8/darklab_goutils/goutils/utils_logus/params.go:85.42,87.2 1 0
github.com/darklab8/darklab_goutils/goutils/utils_logus/params.go:89.37,91.2 1 0
github.com/darklab8/darklab_goutils/goutils/utils_logus/params.go:93.35,94.28 1 0
github.com/darklab8/darklab_goutils/goutils/utils_logus/params.go:94.28,96.3 1 0
github.com/darklab8/darklab_goutils/goutils/utils_logus/params.go:99.39,100.28 1 0
github.com/darklab8/darklab_goutils/goutils/utils_logus/params.go:100.28,102.3 1 0
github.com/darklab8/darklab_goutils/goutils/utils_logus/params.go:105.48,106.28 1 0
github.com/darklab8/darklab_goutils/goutils/utils_logus/params.go:106.28,108.3 1 0
